#
# There is insufficient memory for the Java Runtime Environment to continue.
# Native memory allocation (mmap) failed to map 65536 bytes for Failed to commit metaspace.
# Possible reasons:
#   The system is out of physical RAM or swap space
#   The process is running with CompressedOops enabled, and the Java Heap may be blocking the growth of the native heap
# Possible solutions:
#   Reduce memory load on the system
#   Increase physical memory or swap space
#   Check if swap backing store is full
#   Decrease Java heap size (-Xmx/-Xms)
#   Decrease number of Java threads
#   Decrease Java thread stack sizes (-Xss)
#   Set larger code cache with -XX:ReservedCodeCacheSize=
#   JVM is running with Unscaled Compressed Oops mode in which the Java heap is
#     placed in the first 4GB address space. The Java Heap base address is the
#     maximum limit for the native heap growth. Please use -XX:HeapBaseMinAddress
#     to set the Java Heap base and to place the Java Heap above 4GB virtual address.
# This output file may be truncated or incomplete.
#
#  Out of Memory Error (virtualSpaceNode.cpp:110), pid=45800, tid=29216
#
# JRE version: OpenJDK Runtime Environment Temurin-17.0.2+8 (17.0.2+8) (build 17.0.2+8)
# Java VM: OpenJDK 64-Bit Server VM Temurin-17.0.2+8 (17.0.2+8, mixed mode, emulated-client, tiered, compressed oops, compressed class ptrs, g1 gc, windows-amd64)
# No core dump will be written. Minidumps are not enabled by default on client versions of Windows
#

---------------  S U M M A R Y ------------

Command Line: -Dcom.sun.management.jmxremote -Dcom.sun.management.jmxremote.port=50056 -Dcom.sun.management.jmxremote.authenticate=false -Dcom.sun.management.jmxremote.ssl=false -Djava.rmi.server.hostname=localhost -Dspring.jmx.enabled=true -Dspring.application.admin.enabled=true -XX:TieredStopAtLevel=1 -Dspring.boot.project.name=gateway -Dfile.encoding=UTF-8 -XX:+ShowCodeDetailsInExceptionMessages com.example.demo.GatewayApplication --spring.output.ansi.enabled=always

Host: Intel(R) Core(TM) i3-7020U CPU @ 2.30GHz, 4 cores, 3G,  Windows 10 , 64 bit Build 19041 (10.0.19041.1706)
Time: Fri Jun 24 10:29:30 2022 India Standard Time elapsed time: 16.093443 seconds (0d 0h 0m 16s)

---------------  T H R E A D  ---------------

Current thread (0x0000018130e22cf0):  JavaThread "main" [_thread_in_vm, id=29216, stack(0x0000003c59900000,0x0000003c59a00000)]

Stack: [0x0000003c59900000,0x0000003c59a00000]
Native frames: (J=compiled Java code, j=interpreted, Vv=VM code, C=native code)
V  [jvm.dll+0x67564a]
V  [jvm.dll+0x82fc04]
V  [jvm.dll+0x8313ae]
V  [jvm.dll+0x831a13]
V  [jvm.dll+0x245235]
V  [jvm.dll+0x82bbab]
V  [jvm.dll+0x61a336]
V  [jvm.dll+0x1c016e]
V  [jvm.dll+0x61cc81]
V  [jvm.dll+0x61acd6]
V  [jvm.dll+0x23abf0]
V  [jvm.dll+0x1ea88d]
V  [jvm.dll+0x1e02c1]
V  [jvm.dll+0x53b6e0]
V  [jvm.dll+0x7aad88]
V  [jvm.dll+0x7aae74]
V  [jvm.dll+0x40c2f5]
V  [jvm.dll+0x4124e8]
C  [java.dll+0x17ec]

Java frames: (J=compiled Java code, j=interpreted, Vv=VM code)
J 1273  java.lang.ClassLoader.defineClass1(Ljava/lang/ClassLoader;Ljava/lang/String;[BIILjava/security/ProtectionDomain;Ljava/lang/String;)Ljava/lang/Class; java.base@17.0.2 (0 bytes) @ 0x00000181347b235b [0x00000181347b22a0+0x00000000000000bb]
J 1303 c1 java.lang.ClassLoader.defineClass(Ljava/lang/String;[BIILjava/security/ProtectionDomain;)Ljava/lang/Class; java.base@17.0.2 (43 bytes) @ 0x00000181347c1cdc [0x00000181347c1be0+0x00000000000000fc]
J 1368 c1 jdk.internal.loader.BuiltinClassLoader.defineClass(Ljava/lang/String;Ljdk/internal/loader/Resource;)Ljava/lang/Class; java.base@17.0.2 (121 bytes) @ 0x00000181347e0c44 [0x00000181347e07a0+0x00000000000004a4]
J 1288 c1 jdk.internal.loader.BuiltinClassLoader.findClassOnClassPathOrNull(Ljava/lang/String;)Ljava/lang/Class; java.base@17.0.2 (64 bytes) @ 0x00000181347b849c [0x00000181347b8200+0x000000000000029c]
J 1201 c1 jdk.internal.loader.BuiltinClassLoader.loadClassOrNull(Ljava/lang/String;Z)Ljava/lang/Class; java.base@17.0.2 (143 bytes) @ 0x000001813478e1c4 [0x000001813478dd80+0x0000000000000444]
J 1210 c1 jdk.internal.loader.ClassLoaders$AppClassLoader.loadClass(Ljava/lang/String;Z)Ljava/lang/Class; java.base@17.0.2 (40 bytes) @ 0x00000181347929a4 [0x0000018134792860+0x0000000000000144]
J 1203 c1 java.lang.ClassLoader.loadClass(Ljava/lang/String;)Ljava/lang/Class; java.base@17.0.2 (7 bytes) @ 0x0000018134790064 [0x0000018134790020+0x0000000000000044]
v  ~StubRoutines::call_stub
j  org.springframework.cloud.gateway.filter.factory.PrefixPathGatewayFilterFactory.<init>()V+1
j  org.springframework.cloud.gateway.config.GatewayAutoConfiguration.prefixPathGatewayFilterFactory()Lorg/springframework/cloud/gateway/filter/factory/PrefixPathGatewayFilterFactory;+4
v  ~StubRoutines::call_stub
J 2775  jdk.internal.reflect.NativeMethodAccessorImpl.invoke0(Ljava/lang/reflect/Method;Ljava/lang/Object;[Ljava/lang/Object;)Ljava/lang/Object; java.base@17.0.2 (0 bytes) @ 0x0000018134a0671f [0x0000018134a066a0+0x000000000000007f]
J 2774 c1 jdk.internal.reflect.NativeMethodAccessorImpl.invoke(Ljava/lang/Object;[Ljava/lang/Object;)Ljava/lang/Object; java.base@17.0.2 (137 bytes) @ 0x0000018134a1146c [0x0000018134a11180+0x00000000000002ec]
J 2447 c1 jdk.internal.reflect.DelegatingMethodAccessorImpl.invoke(Ljava/lang/Object;[Ljava/lang/Object;)Ljava/lang/Object; java.base@17.0.2 (10 bytes) @ 0x00000181349810e4 [0x00000181349810a0+0x0000000000000044]
J 2448 c1 java.lang.reflect.Method.invoke(Ljava/lang/Object;[Ljava/lang/Object;)Ljava/lang/Object; java.base@17.0.2 (65 bytes) @ 0x00000181349814d4 [0x00000181349813e0+0x00000000000000f4]
j  org.springframework.beans.factory.support.SimpleInstantiationStrategy.instantiate(Lorg/springframework/beans/factory/support/RootBeanDefinition;Ljava/lang/String;Lorg/springframework/beans/factory/BeanFactory;Ljava/lang/Object;Ljava/lang/reflect/Method;[Ljava/lang/Object;)Ljava/lang/Object;+50
j  org.springframework.beans.factory.support.ConstructorResolver.instantiate(Ljava/lang/String;Lorg/springframework/beans/factory/support/RootBeanDefinition;Ljava/lang/Object;Ljava/lang/reflect/Method;[Ljava/lang/Object;)Ljava/lang/Object;+48
j  org.springframework.beans.factory.support.ConstructorResolver.instantiateUsingFactoryMethod(Ljava/lang/String;Lorg/springframework/beans/factory/support/RootBeanDefinition;[Ljava/lang/Object;)Lorg/springframework/beans/BeanWrapper;+486
j  org.springframework.beans.factory.support.AbstractAutowireCapableBeanFactory.instantiateUsingFactoryMethod(Ljava/lang/String;Lorg/springframework/beans/factory/support/RootBeanDefinition;[Ljava/lang/Object;)Lorg/springframework/beans/BeanWrapper;+11
j  org.springframework.beans.factory.support.AbstractAutowireCapableBeanFactory.createBeanInstance(Ljava/lang/String;Lorg/springframework/beans/factory/support/RootBeanDefinition;[Ljava/lang/Object;)Lorg/springframework/beans/BeanWrapper;+102
j  org.springframework.beans.factory.support.AbstractAutowireCapableBeanFactory.doCreateBean(Ljava/lang/String;Lorg/springframework/beans/factory/support/RootBeanDefinition;[Ljava/lang/Object;)Ljava/lang/Object;+34
j  org.springframework.beans.factory.support.AbstractAutowireCapableBeanFactory.createBean(Ljava/lang/String;Lorg/springframework/beans/factory/support/RootBeanDefinition;[Ljava/lang/Object;)Ljava/lang/Object;+169
j  org.springframework.beans.factory.support.AbstractBeanFactory.lambda$doGetBean$0(Ljava/lang/String;Lorg/springframework/beans/factory/support/RootBeanDefinition;[Ljava/lang/Object;)Ljava/lang/Object;+4
j  org.springframework.beans.factory.support.AbstractBeanFactory$$Lambda$336+0x00000001002e4f88.getObject()Ljava/lang/Object;+16
j  org.springframework.beans.factory.support.DefaultSingletonBeanRegistry.getSingleton(Ljava/lang/String;Lorg/springframework/beans/factory/ObjectFactory;)Ljava/lang/Object;+132
J 3040 c1 org.springframework.beans.factory.support.AbstractBeanFactory.doGetBean(Ljava/lang/String;Ljava/lang/Class;[Ljava/lang/Object;Z)Ljava/lang/Object; (832 bytes) @ 0x0000018134a6d6b4 [0x0000018134a6d100+0x00000000000005b4]
j  org.springframework.beans.factory.support.AbstractBeanFactory.getBean(Ljava/lang/String;)Ljava/lang/Object;+5
j  org.springframework.beans.factory.config.DependencyDescriptor.resolveCandidate(Ljava/lang/String;Ljava/lang/Class;Lorg/springframework/beans/factory/BeanFactory;)Ljava/lang/Object;+2
j  org.springframework.beans.factory.support.DefaultListableBeanFactory.addCandidateEntry(Ljava/util/Map;Ljava/lang/String;Lorg/springframework/beans/factory/config/DependencyDescriptor;Ljava/lang/Class;)V+12
j  org.springframework.beans.factory.support.DefaultListableBeanFactory.findAutowireCandidates(Ljava/lang/String;Ljava/lang/Class;Lorg/springframework/beans/factory/config/DependencyDescriptor;)Ljava/util/Map;+179
j  org.springframework.beans.factory.support.DefaultListableBeanFactory.resolveMultipleBeans(Lorg/springframework/beans/factory/config/DependencyDescriptor;Ljava/lang/String;Ljava/util/Set;Lorg/springframework/beans/TypeConverter;)Ljava/lang/Object;+332
j  org.springframework.beans.factory.support.DefaultListableBeanFactory.doResolveDependency(Lorg/springframework/beans/factory/config/DependencyDescriptor;Ljava/lang/String;Ljava/util/Set;Lorg/springframework/beans/TypeConverter;)Ljava/lang/Object;+207
j  org.springframework.beans.factory.support.DefaultListableBeanFactory.resolveDependency(Lorg/springframework/beans/factory/config/DependencyDescriptor;Ljava/lang/String;Ljava/util/Set;Lorg/springframework/beans/TypeConverter;)Ljava/lang/Object;+108
j  org.springframework.beans.factory.support.ConstructorResolver.resolveAutowiredArgument(Lorg/springframework/core/MethodParameter;Ljava/lang/String;Ljava/util/Set;Lorg/springframework/beans/TypeConverter;Z)Ljava/lang/Object;+79
j  org.springframework.beans.factory.support.ConstructorResolver.createArgumentArray(Ljava/lang/String;Lorg/springframework/beans/factory/support/RootBeanDefinition;Lorg/springframework/beans/factory/config/ConstructorArgumentValues;Lorg/springframework/beans/BeanWrapper;[Ljava/lang/Class;[Ljava/lang/String;Ljava/lang/reflect/Executable;ZZ)Lorg/springframework/beans/factory/support/ConstructorResolver$ArgumentsHolder;+434
j  org.springframework.beans.factory.support.ConstructorResolver.instantiateUsingFactoryMethod(Ljava/lang/String;Lorg/springframework/beans/factory/support/RootBeanDefinition;[Ljava/lang/Object;)Lorg/springframework/beans/BeanWrapper;+736
j  org.springframework.beans.factory.support.AbstractAutowireCapableBeanFactory.instantiateUsingFactoryMethod(Ljava/lang/String;Lorg/springframework/beans/factory/support/RootBeanDefinition;[Ljava/lang/Object;)Lorg/springframework/beans/BeanWrapper;+11
j  org.springframework.beans.factory.support.AbstractAutowireCapableBeanFactory.createBeanInstance(Ljava/lang/String;Lorg/springframework/beans/factory/support/RootBeanDefinition;[Ljava/lang/Object;)Lorg/springframework/beans/BeanWrapper;+102
j  org.springframework.beans.factory.support.AbstractAutowireCapableBeanFactory.doCreateBean(Ljava/lang/String;Lorg/springframework/beans/factory/support/RootBeanDefinition;[Ljava/lang/Object;)Ljava/lang/Object;+34
j  org.springframework.beans.factory.support.AbstractAutowireCapableBeanFactory.createBean(Ljava/lang/String;Lorg/springframework/beans/factory/support/RootBeanDefinition;[Ljava/lang/Object;)Ljava/lang/Object;+169
j  org.springframework.beans.factory.support.AbstractBeanFactory.lambda$doGetBean$0(Ljava/lang/String;Lorg/springframework/beans/factory/support/RootBeanDefinition;[Ljava/lang/Object;)Ljava/lang/Object;+4
j  org.springframework.beans.factory.support.AbstractBeanFactory$$Lambda$336+0x00000001002e4f88.getObject()Ljava/lang/Object;+16
j  org.springframework.beans.factory.support.DefaultSingletonBeanRegistry.getSingleton(Ljava/lang/String;Lorg/springframework/beans/factory/ObjectFactory;)Ljava/lang/Object;+132
J 3040 c1 org.springframework.beans.factory.support.AbstractBeanFactory.doGetBean(Ljava/lang/String;Ljava/lang/Class;[Ljava/lang/Object;Z)Ljava/lang/Object; (832 bytes) @ 0x0000018134a6d6b4 [0x0000018134a6d100+0x00000000000005b4]
j  org.springframework.beans.factory.support.AbstractBeanFactory.getBean(Ljava/lang/String;)Ljava/lang/Object;+5
j  org.springframework.beans.factory.support.DefaultListableBeanFactory.preInstantiateSingletons()V+248
j  org.springframework.context.support.AbstractApplicationContext.finishBeanFactoryInitialization(Lorg/springframework/beans/factory/config/ConfigurableListableBeanFactory;)V+124
j  org.springframework.context.support.AbstractApplicationContext.refresh()V+86
j  org.springframework.boot.web.reactive.context.ReactiveWebServerApplicationContext.refresh()V+1
j  org.springframework.boot.SpringApplication.refresh(Lorg/springframework/context/ConfigurableApplicationContext;)V+1
j  org.springframework.boot.SpringApplication.refreshContext(Lorg/springframework/context/ConfigurableApplicationContext;)V+16
j  org.springframework.boot.SpringApplication.run([Ljava/lang/String;)Lorg/springframework/context/ConfigurableApplicationContext;+107
j  org.springframework.boot.SpringApplication.run([Ljava/lang/Class;[Ljava/lang/String;)Lorg/springframework/context/ConfigurableApplicationContext;+9
j  org.springframework.boot.SpringApplication.run(Ljava/lang/Class;[Ljava/lang/String;)Lorg/springframework/context/ConfigurableApplicationContext;+9
j  com.example.demo.GatewayApplication.main([Ljava/lang/String;)V+3
v  ~StubRoutines::call_stub

---------------  P R O C E S S  ---------------

Threads class SMR info:
_java_thread_list=0x000001813e86a220, length=20, elements={
0x0000018130e22cf0, 0x000001813bca7f60, 0x000001813bca8fe0, 0x000001813bcc7680,
0x000001813bcc8200, 0x000001813bcc9ee0, 0x000001813bcfd830, 0x000001813bcfe0f0,
0x000001813bcfe9f0, 0x0000018130ebf760, 0x000001813c968300, 0x000001813cfe5840,
0x000001813cfd1cb0, 0x000001813cfd5a10, 0x000001813d1059e0, 0x000001813cda0da0,
0x000001813d131660, 0x000001813d14c050, 0x000001813e9b1a20, 0x000001813e9af870
}

Java Threads: ( => current thread )
=>0x0000018130e22cf0 JavaThread "main" [_thread_in_vm, id=29216, stack(0x0000003c59900000,0x0000003c59a00000)]
  0x000001813bca7f60 JavaThread "Reference Handler" daemon [_thread_blocked, id=47004, stack(0x0000003c5a000000,0x0000003c5a100000)]
  0x000001813bca8fe0 JavaThread "Finalizer" daemon [_thread_blocked, id=38924, stack(0x0000003c5a100000,0x0000003c5a200000)]
  0x000001813bcc7680 JavaThread "Signal Dispatcher" daemon [_thread_blocked, id=15140, stack(0x0000003c5a200000,0x0000003c5a300000)]
  0x000001813bcc8200 JavaThread "Attach Listener" daemon [_thread_blocked, id=40088, stack(0x0000003c5a300000,0x0000003c5a400000)]
  0x000001813bcc9ee0 JavaThread "Service Thread" daemon [_thread_blocked, id=41140, stack(0x0000003c5a400000,0x0000003c5a500000)]
  0x000001813bcfd830 JavaThread "Monitor Deflation Thread" daemon [_thread_blocked, id=33024, stack(0x0000003c5a500000,0x0000003c5a600000)]
  0x000001813bcfe0f0 JavaThread "C1 CompilerThread0" daemon [_thread_blocked, id=47308, stack(0x0000003c5a600000,0x0000003c5a700000)]
  0x000001813bcfe9f0 JavaThread "Sweeper thread" daemon [_thread_blocked, id=45560, stack(0x0000003c5a700000,0x0000003c5a800000)]
  0x0000018130ebf760 JavaThread "Common-Cleaner" daemon [_thread_blocked, id=43104, stack(0x0000003c5a800000,0x0000003c5a900000)]
  0x000001813c968300 JavaThread "Notification Thread" daemon [_thread_blocked, id=36060, stack(0x0000003c5a900000,0x0000003c5aa00000)]
  0x000001813cfe5840 JavaThread "RMI TCP Accept-0" daemon [_thread_in_native, id=46164, stack(0x0000003c5aa00000,0x0000003c5ab00000)]
  0x000001813cfd1cb0 JavaThread "RMI TCP Accept-50056" daemon [_thread_in_native, id=38688, stack(0x0000003c5ab00000,0x0000003c5ac00000)]
  0x000001813cfd5a10 JavaThread "RMI TCP Accept-0" daemon [_thread_in_native, id=43524, stack(0x0000003c5ac00000,0x0000003c5ad00000)]
  0x000001813d1059e0 JavaThread "RMI TCP Connection(1)-127.0.0.1" daemon [_thread_in_native, id=700, stack(0x0000003c5b200000,0x0000003c5b300000)]
  0x000001813cda0da0 JavaThread "RMI Scheduler(0)" daemon [_thread_blocked, id=36020, stack(0x0000003c5b300000,0x0000003c5b400000)]
  0x000001813d131660 JavaThread "RMI TCP Connection(2)-127.0.0.1" daemon [_thread_in_native, id=46688, stack(0x0000003c5b400000,0x0000003c5b500000)]
  0x000001813d14c050 JavaThread "JMX server connection timeout 21" daemon [_thread_blocked, id=38424, stack(0x0000003c5b500000,0x0000003c5b600000)]
  0x000001813e9b1a20 JavaThread "boundedElastic-evictor-1" daemon [_thread_blocked, id=48040, stack(0x0000003c5b600000,0x0000003c5b700000)]
  0x000001813e9af870 JavaThread "spring.cloud.inetutils" daemon [_thread_blocked, id=47204, stack(0x0000003c5b700000,0x0000003c5b800000)]

Other Threads:
  0x0000018130eed9d0 VMThread "VM Thread" [stack: 0x0000003c59f00000,0x0000003c5a000000] [id=1952] _threads_hazard_ptr=0x000001813e86a220
  0x0000018130e33580 WatcherThread [stack: 0x0000003c5ad00000,0x0000003c5ae00000] [id=46672]
  0x0000018130e51bb0 GCTaskThread "GC Thread#0" [stack: 0x0000003c59a00000,0x0000003c59b00000] [id=48004]
  0x000001813cfcd5b0 GCTaskThread "GC Thread#1" [stack: 0x0000003c5ae00000,0x0000003c5af00000] [id=1016]
  0x000001813d0acb00 GCTaskThread "GC Thread#2" [stack: 0x0000003c5af00000,0x0000003c5b000000] [id=33916]
  0x000001813d0b46a0 GCTaskThread "GC Thread#3" [stack: 0x0000003c5b000000,0x0000003c5b100000] [id=14560]
  0x0000018130e5bef0 ConcurrentGCThread "G1 Main Marker" [stack: 0x0000003c59b00000,0x0000003c59c00000] [id=47728]
  0x0000018130e5c810 ConcurrentGCThread "G1 Conc#0" [stack: 0x0000003c59c00000,0x0000003c59d00000] [id=23636]
  0x0000018130eaa510 ConcurrentGCThread "G1 Refine#0" [stack: 0x0000003c59d00000,0x0000003c59e00000] [id=35864]
  0x000001813cfe2c20 ConcurrentGCThread "G1 Refine#1" [stack: 0x0000003c5b100000,0x0000003c5b200000] [id=40388]
  0x000001813e365d90 ConcurrentGCThread "G1 Refine#2" [stack: 0x0000003c5b800000,0x0000003c5b900000] [id=48160]
  0x0000018130ead8f0 ConcurrentGCThread "G1 Service" [stack: 0x0000003c59e00000,0x0000003c59f00000] [id=40940]

Threads with active compile tasks:

VM state: synchronizing (normal execution)

VM Mutex/Monitor currently owned by a thread:  ([mutex/lock_event])
[0x0000018130e20980] Metaspace_lock - owner thread: 0x0000018130e22cf0
[0x000001812ed4db70] Threads_lock - owner thread: 0x0000018130eed9d0

Heap address: 0x00000000c1600000, size: 1002 MB, Compressed Oops mode: 32-bit

CDS archive(s) not mapped
Compressed class space mapped at: 0x0000000100000000-0x0000000140000000, reserved size: 1073741824
Narrow klass base: 0x0000000000000000, Narrow klass shift: 3, Narrow klass range: 0x140000000

GC Precious Log:
 CPUs: 4 total, 4 available
 Memory: 4007M
 Large Page Support: Disabled
 NUMA Support: Disabled
 Compressed Oops: Enabled (32-bit)
 Heap Region Size: 1M
 Heap Min Capacity: 8M
 Heap Initial Capacity: 64M
 Heap Max Capacity: 1002M
 Pre-touch: Disabled
 Parallel Workers: 4
 Concurrent Workers: 1
 Concurrent Refinement Workers: 4
 Periodic GC: Disabled

Heap:
 garbage-first heap   total 58368K, used 23564K [0x00000000c1600000, 0x0000000100000000)
  region size 1024K, 8 young (8192K), 1 survivors (1024K)
 Metaspace       used 40636K, committed 41024K, reserved 1089536K
  class space    used 5339K, committed 5568K, reserved 1048576K

Heap Regions: E=young(eden), S=young(survivor), O=old, HS=humongous(starts), HC=humongous(continues), CS=collection set, F=free, OA=open archive, CA=closed archive, TAMS=top-at-mark-start (previous, next)
|   0|0x00000000c1600000, 0x00000000c1700000, 0x00000000c1700000|100%| O|  |TAMS 0x00000000c1700000, 0x00000000c1600000| Untracked 
|   1|0x00000000c1700000, 0x00000000c1800000, 0x00000000c1800000|100%| O|  |TAMS 0x00000000c1800000, 0x00000000c1700000| Untracked 
|   2|0x00000000c1800000, 0x00000000c1900000, 0x00000000c1900000|100%| O|  |TAMS 0x00000000c1900000, 0x00000000c1800000| Untracked 
|   3|0x00000000c1900000, 0x00000000c1a00000, 0x00000000c1a00000|100%| O|  |TAMS 0x00000000c1a00000, 0x00000000c1900000| Untracked 
|   4|0x00000000c1a00000, 0x00000000c1b00000, 0x00000000c1b00000|100%| O|  |TAMS 0x00000000c1b00000, 0x00000000c1a00000| Untracked 
|   5|0x00000000c1b00000, 0x00000000c1c00000, 0x00000000c1c00000|100%| O|  |TAMS 0x00000000c1c00000, 0x00000000c1b00000| Untracked 
|   6|0x00000000c1c00000, 0x00000000c1d00000, 0x00000000c1d00000|100%| O|  |TAMS 0x00000000c1d00000, 0x00000000c1c00000| Untracked 
|   7|0x00000000c1d00000, 0x00000000c1d00000, 0x00000000c1e00000|  0%| F|  |TAMS 0x00000000c1d00000, 0x00000000c1d00000| Untracked 
|   8|0x00000000c1e00000, 0x00000000c1f00000, 0x00000000c1f00000|100%| O|  |TAMS 0x00000000c1f00000, 0x00000000c1e00000| Untracked 
|   9|0x00000000c1f00000, 0x00000000c2000000, 0x00000000c2000000|100%| O|  |TAMS 0x00000000c2000000, 0x00000000c1f00000| Untracked 
|  10|0x00000000c2000000, 0x00000000c2100000, 0x00000000c2100000|100%| O|  |TAMS 0x00000000c2100000, 0x00000000c2000000| Untracked 
|  11|0x00000000c2100000, 0x00000000c2200000, 0x00000000c2200000|100%| O|  |TAMS 0x00000000c2100000, 0x00000000c2100000| Untracked 
|  12|0x00000000c2200000, 0x00000000c2300000, 0x00000000c2300000|100%| O|  |TAMS 0x00000000c2200000, 0x00000000c2200000| Untracked 
|  13|0x00000000c2300000, 0x00000000c2400000, 0x00000000c2400000|100%| O|  |TAMS 0x00000000c2300000, 0x00000000c2300000| Untracked 
|  14|0x00000000c2400000, 0x00000000c2500000, 0x00000000c2500000|100%| O|  |TAMS 0x00000000c2400000, 0x00000000c2400000| Untracked 
|  15|0x00000000c2500000, 0x00000000c2600000, 0x00000000c2600000|100%| O|  |TAMS 0x00000000c2500000, 0x00000000c2500000| Untracked 
|  16|0x00000000c2600000, 0x00000000c2700000, 0x00000000c2700000|100%| O|  |TAMS 0x00000000c2600000, 0x00000000c2600000| Untracked 
|  17|0x00000000c2700000, 0x00000000c2792e00, 0x00000000c2800000| 57%| O|  |TAMS 0x00000000c2700000, 0x00000000c2700000| Untracked 
|  18|0x00000000c2800000, 0x00000000c2800000, 0x00000000c2900000|  0%| F|  |TAMS 0x00000000c2800000, 0x00000000c2800000| Untracked 
|  19|0x00000000c2900000, 0x00000000c2900000, 0x00000000c2a00000|  0%| F|  |TAMS 0x00000000c2900000, 0x00000000c2900000| Untracked 
|  20|0x00000000c2a00000, 0x00000000c2a00000, 0x00000000c2b00000|  0%| F|  |TAMS 0x00000000c2a00000, 0x00000000c2a00000| Untracked 
|  21|0x00000000c2b00000, 0x00000000c2b00000, 0x00000000c2c00000|  0%| F|  |TAMS 0x00000000c2b00000, 0x00000000c2b00000| Untracked 
|  22|0x00000000c2c00000, 0x00000000c2c00000, 0x00000000c2d00000|  0%| F|  |TAMS 0x00000000c2c00000, 0x00000000c2c00000| Untracked 
|  23|0x00000000c2d00000, 0x00000000c2d00000, 0x00000000c2e00000|  0%| F|  |TAMS 0x00000000c2d00000, 0x00000000c2d00000| Untracked 
|  24|0x00000000c2e00000, 0x00000000c2e00000, 0x00000000c2f00000|  0%| F|  |TAMS 0x00000000c2e00000, 0x00000000c2e00000| Untracked 
|  25|0x00000000c2f00000, 0x00000000c2f00000, 0x00000000c3000000|  0%| F|  |TAMS 0x00000000c2f00000, 0x00000000c2f00000| Untracked 
|  26|0x00000000c3000000, 0x00000000c3000000, 0x00000000c3100000|  0%| F|  |TAMS 0x00000000c3000000, 0x00000000c3000000| Untracked 
|  27|0x00000000c3100000, 0x00000000c3100000, 0x00000000c3200000|  0%| F|  |TAMS 0x00000000c3100000, 0x00000000c3100000| Untracked 
|  28|0x00000000c3200000, 0x00000000c3200000, 0x00000000c3300000|  0%| F|  |TAMS 0x00000000c3200000, 0x00000000c3200000| Untracked 
|  29|0x00000000c3300000, 0x00000000c3300000, 0x00000000c3400000|  0%| F|  |TAMS 0x00000000c3300000, 0x00000000c3300000| Untracked 
|  30|0x00000000c3400000, 0x00000000c3400000, 0x00000000c3500000|  0%| F|  |TAMS 0x00000000c3400000, 0x00000000c3400000| Untracked 
|  31|0x00000000c3500000, 0x00000000c3500000, 0x00000000c3600000|  0%| F|  |TAMS 0x00000000c3500000, 0x00000000c3500000| Untracked 
|  32|0x00000000c3600000, 0x00000000c3600000, 0x00000000c3700000|  0%| F|  |TAMS 0x00000000c3600000, 0x00000000c3600000| Untracked 
|  33|0x00000000c3700000, 0x00000000c3700000, 0x00000000c3800000|  0%| F|  |TAMS 0x00000000c3700000, 0x00000000c3700000| Untracked 
|  34|0x00000000c3800000, 0x00000000c3800000, 0x00000000c3900000|  0%| F|  |TAMS 0x00000000c3800000, 0x00000000c3800000| Untracked 
|  35|0x00000000c3900000, 0x00000000c3900000, 0x00000000c3a00000|  0%| F|  |TAMS 0x00000000c3900000, 0x00000000c3900000| Untracked 
|  36|0x00000000c3a00000, 0x00000000c3a00000, 0x00000000c3b00000|  0%| F|  |TAMS 0x00000000c3a00000, 0x00000000c3a00000| Untracked 
|  37|0x00000000c3b00000, 0x00000000c3b00000, 0x00000000c3c00000|  0%| F|  |TAMS 0x00000000c3b00000, 0x00000000c3b00000| Untracked 
|  38|0x00000000c3c00000, 0x00000000c3c00000, 0x00000000c3d00000|  0%| F|  |TAMS 0x00000000c3c00000, 0x00000000c3c00000| Untracked 
|  39|0x00000000c3d00000, 0x00000000c3d00000, 0x00000000c3e00000|  0%| F|  |TAMS 0x00000000c3d00000, 0x00000000c3d00000| Untracked 
|  40|0x00000000c3e00000, 0x00000000c3e00000, 0x00000000c3f00000|  0%| F|  |TAMS 0x00000000c3e00000, 0x00000000c3e00000| Untracked 
|  41|0x00000000c3f00000, 0x00000000c3f00000, 0x00000000c4000000|  0%| F|  |TAMS 0x00000000c3f00000, 0x00000000c3f00000| Untracked 
|  42|0x00000000c4000000, 0x00000000c4000000, 0x00000000c4100000|  0%| F|  |TAMS 0x00000000c4000000, 0x00000000c4000000| Untracked 
|  43|0x00000000c4100000, 0x00000000c4100000, 0x00000000c4200000|  0%| F|  |TAMS 0x00000000c4100000, 0x00000000c4100000| Untracked 
|  44|0x00000000c4200000, 0x00000000c4200000, 0x00000000c4300000|  0%| F|  |TAMS 0x00000000c4200000, 0x00000000c4200000| Untracked 
|  45|0x00000000c4300000, 0x00000000c4300000, 0x00000000c4400000|  0%| F|  |TAMS 0x00000000c4300000, 0x00000000c4300000| Untracked 
|  46|0x00000000c4400000, 0x00000000c4400000, 0x00000000c4500000|  0%| F|  |TAMS 0x00000000c4400000, 0x00000000c4400000| Untracked 
|  47|0x00000000c4500000, 0x00000000c4500000, 0x00000000c4600000|  0%| F|  |TAMS 0x00000000c4500000, 0x00000000c4500000| Untracked 
|  48|0x00000000c4600000, 0x00000000c4600000, 0x00000000c4700000|  0%| F|  |TAMS 0x00000000c4600000, 0x00000000c4600000| Untracked 
|  49|0x00000000c4700000, 0x00000000c47f1298, 0x00000000c4800000| 94%| E|  |TAMS 0x00000000c4700000, 0x00000000c4700000| Complete 
|  50|0x00000000c4800000, 0x00000000c4900000, 0x00000000c4900000|100%| E|CS|TAMS 0x00000000c4800000, 0x00000000c4800000| Complete 
|  51|0x00000000c4900000, 0x00000000c4a00000, 0x00000000c4a00000|100%| E|CS|TAMS 0x00000000c4900000, 0x00000000c4900000| Complete 
|  52|0x00000000c4a00000, 0x00000000c4b00000, 0x00000000c4b00000|100%| E|CS|TAMS 0x00000000c4a00000, 0x00000000c4a00000| Complete 
|  53|0x00000000c4b00000, 0x00000000c4c00000, 0x00000000c4c00000|100%| E|CS|TAMS 0x00000000c4b00000, 0x00000000c4b00000| Complete 
|  54|0x00000000c4c00000, 0x00000000c4d00000, 0x00000000c4d00000|100%| E|CS|TAMS 0x00000000c4c00000, 0x00000000c4c00000| Complete 
|  55|0x00000000c4d00000, 0x00000000c4d70310, 0x00000000c4e00000| 43%| S|CS|TAMS 0x00000000c4d00000, 0x00000000c4d00000| Complete 
|  66|0x00000000c5800000, 0x00000000c5900000, 0x00000000c5900000|100%| E|CS|TAMS 0x00000000c5800000, 0x00000000c5800000| Complete 

Card table byte_map: [0x00000181374d0000,0x00000181376d0000] _byte_map_base: 0x0000018136ec5000

Marking Bits (Prev, Next): (CMBitMap*) 0x0000018130e530e0, (CMBitMap*) 0x0000018130e53120
 Prev Bits: [0x00000181378d0000, 0x0000018138878000)
 Next Bits: [0x0000018138880000, 0x0000018139828000)

Polling page: 0x000001812ec20000

Metaspace:

Usage:
  Non-class:     34.47 MB used.
      Class:      5.21 MB used.
       Both:     39.68 MB used.

Virtual space:
  Non-class space:       40.00 MB reserved,      34.62 MB ( 87%) committed,  5 nodes.
      Class space:        1.00 GB reserved,       5.44 MB ( <1%) committed,  1 nodes.
             Both:        1.04 GB reserved,      40.06 MB (  4%) committed. 

Chunk freelists:
   Non-Class:  1.05 MB
       Class:  2.61 MB
        Both:  3.66 MB

MaxMetaspaceSize: unlimited
CompressedClassSpaceSize: 1.00 GB
Initial GC threshold: 21.00 MB
Current GC threshold: 59.62 MB
CDS: off
MetaspaceReclaimPolicy: balanced
 - commit_granule_bytes: 65536.
 - commit_granule_words: 8192.
 - virtual_space_node_default_size: 1048576.
 - enlarge_chunks_in_place: 1.
 - new_chunks_are_fully_committed: 0.
 - uncommit_free_chunks: 1.
 - use_allocation_guard: 0.
 - handle_deallocations: 1.


Internal statistics:

num_allocs_failed_limit: 8.
num_arena_births: 466.
num_arena_deaths: 0.
num_vsnodes_births: 6.
num_vsnodes_deaths: 0.
num_space_committed: 641.
num_space_uncommitted: 0.
num_chunks_returned_to_freelist: 8.
num_chunks_taken_from_freelist: 1657.
num_chunk_merges: 8.
num_chunk_splits: 1100.
num_chunks_enlarged: 781.
num_purges: 0.
num_inconsistent_stats: 0.

CodeCache: size=49152Kb used=7537Kb max_used=7537Kb free=41614Kb
 bounds [0x00000181344d0000, 0x0000018134c30000, 0x00000181374d0000]
 total_blobs=4526 nmethods=4010 adapters=443
 compilation: enabled
              stopped_count=0, restarted_count=0
 full_count=0

Compilation events (20 events):
Event: 15.407 Thread 0x000001813bcfe0f0 3995       1       com.sun.beans.util.Cache$CacheEntry::matches (53 bytes)
Event: 15.407 Thread 0x000001813bcfe0f0 nmethod 3995 0x0000018134c27f10 code [0x0000018134c280c0, 0x0000018134c282c8]
Event: 15.409 Thread 0x000001813bcfe0f0 3996       1       org.springframework.beans.PropertyEditorRegistrySupport::setConversionService (6 bytes)
Event: 15.409 Thread 0x000001813bcfe0f0 nmethod 3996 0x0000018134c28410 code [0x0000018134c285a0, 0x0000018134c286b8]
Event: 15.417 Thread 0x000001813bcfe0f0 3997       1       java.lang.reflect.Constructor::hasGenericInformation (13 bytes)
Event: 15.417 Thread 0x000001813bcfe0f0 nmethod 3997 0x0000018134c28710 code [0x0000018134c288a0, 0x0000018134c28978]
Event: 15.648 Thread 0x000001813bcfe0f0 3998       1       org.springframework.util.Assert::hasLength (17 bytes)
Event: 15.649 Thread 0x000001813bcfe0f0 nmethod 3998 0x0000018134c28a10 code [0x0000018134c28ba0, 0x0000018134c28d28]
Event: 15.778 Thread 0x000001813bcfe0f0 4002       1       org.springframework.context.support.GenericApplicationContext::getClassLoader (29 bytes)
Event: 15.779 Thread 0x000001813bcfe0f0 nmethod 4002 0x0000018134c29710 code [0x0000018134c298c0, 0x0000018134c29a18]
Event: 15.798 Thread 0x000001813bcfe0f0 4003       1       org.springframework.core.convert.TypeDescriptor::<init> (39 bytes)
Event: 15.799 Thread 0x000001813bcfe0f0 nmethod 4003 0x0000018134c29b10 code [0x0000018134c29cc0, 0x0000018134c29fd8]
Event: 15.807 Thread 0x000001813bcfe0f0 4004       1       org.springframework.core.ResolvableType::getType (8 bytes)
Event: 15.808 Thread 0x000001813bcfe0f0 nmethod 4004 0x0000018134c2a110 code [0x0000018134c2a2c0, 0x0000018134c2a4b8]
Event: 15.808 Thread 0x000001813bcfe0f0 4005       1       org.springframework.core.SerializableTypeWrapper::unwrap (34 bytes)
Event: 15.808 Thread 0x000001813bcfe0f0 nmethod 4005 0x0000018134c2a590 code [0x0000018134c2a740, 0x0000018134c2a918]
Event: 15.813 Thread 0x000001813bcfe0f0 4006       1       com.fasterxml.jackson.databind.type.ClassKey::<init> (29 bytes)
Event: 15.814 Thread 0x000001813bcfe0f0 nmethod 4006 0x0000018134c2aa10 code [0x0000018134c2abc0, 0x0000018134c2ad98]
Event: 15.815 Thread 0x000001813bcfe0f0 4007       1       org.springframework.util.MimeType::checkToken (74 bytes)
Event: 15.816 Thread 0x000001813bcfe0f0 nmethod 4007 0x0000018134c2ae90 code [0x0000018134c2b0e0, 0x0000018134c2b6b8]

GC Heap History (20 events):
Event: 3.923 GC heap before
{Heap before GC invocations=2 (full 0):
 garbage-first heap   total 65536K, used 28011K [0x00000000c1600000, 0x0000000100000000)
  region size 1024K, 22 young (22528K), 2 survivors (2048K)
 Metaspace       used 20199K, committed 20480K, reserved 1073152K
  class space    used 2349K, committed 2496K, reserved 1048576K
}
Event: 3.935 GC heap after
{Heap after GC invocations=3 (full 0):
 garbage-first heap   total 65536K, used 9011K [0x00000000c1600000, 0x0000000100000000)
  region size 1024K, 3 young (3072K), 3 survivors (3072K)
 Metaspace       used 20199K, committed 20480K, reserved 1073152K
  class space    used 2349K, committed 2496K, reserved 1048576K
}
Event: 4.043 GC heap before
{Heap before GC invocations=3 (full 0):
 garbage-first heap   total 65536K, used 12083K [0x00000000c1600000, 0x0000000100000000)
  region size 1024K, 8 young (8192K), 3 survivors (3072K)
 Metaspace       used 21272K, committed 21504K, reserved 1073152K
  class space    used 2486K, committed 2624K, reserved 1048576K
}
Event: 4.049 GC heap after
{Heap after GC invocations=4 (full 0):
 garbage-first heap   total 65536K, used 9454K [0x00000000c1600000, 0x0000000100000000)
  region size 1024K, 2 young (2048K), 2 survivors (2048K)
 Metaspace       used 21272K, committed 21504K, reserved 1073152K
  class space    used 2486K, committed 2624K, reserved 1048576K
}
Event: 4.612 GC heap before
{Heap before GC invocations=5 (full 0):
 garbage-first heap   total 37888K, used 27886K [0x00000000c1600000, 0x0000000100000000)
  region size 1024K, 21 young (21504K), 2 survivors (2048K)
 Metaspace       used 24667K, committed 24960K, reserved 1073152K
  class space    used 3066K, committed 3200K, reserved 1048576K
}
Event: 4.619 GC heap after
{Heap after GC invocations=6 (full 0):
 garbage-first heap   total 37888K, used 10310K [0x00000000c1600000, 0x0000000100000000)
  region size 1024K, 3 young (3072K), 3 survivors (3072K)
 Metaspace       used 24667K, committed 24960K, reserved 1073152K
  class space    used 3066K, committed 3200K, reserved 1048576K
}
Event: 4.640 GC heap before
{Heap before GC invocations=6 (full 0):
 garbage-first heap   total 37888K, used 11334K [0x00000000c1600000, 0x0000000100000000)
  region size 1024K, 4 young (4096K), 3 survivors (3072K)
 Metaspace       used 24844K, committed 25088K, reserved 1073152K
  class space    used 3089K, committed 3200K, reserved 1048576K
}
Event: 4.647 GC heap after
{Heap after GC invocations=7 (full 0):
 garbage-first heap   total 37888K, used 10578K [0x00000000c1600000, 0x0000000100000000)
  region size 1024K, 1 young (1024K), 1 survivors (1024K)
 Metaspace       used 24844K, committed 25088K, reserved 1073152K
  class space    used 3089K, committed 3200K, reserved 1048576K
}
Event: 5.019 GC heap before
{Heap before GC invocations=7 (full 0):
 garbage-first heap   total 37888K, used 24914K [0x00000000c1600000, 0x0000000100000000)
  region size 1024K, 15 young (15360K), 1 survivors (1024K)
 Metaspace       used 27371K, committed 27712K, reserved 1081344K
  class space    used 3368K, committed 3520K, reserved 1048576K
}
Event: 5.022 GC heap after
{Heap after GC invocations=8 (full 0):
 garbage-first heap   total 37888K, used 11299K [0x00000000c1600000, 0x0000000100000000)
  region size 1024K, 2 young (2048K), 2 survivors (2048K)
 Metaspace       used 27371K, committed 27712K, reserved 1081344K
  class space    used 3368K, committed 3520K, reserved 1048576K
}
Event: 5.369 GC heap before
{Heap before GC invocations=8 (full 0):
 garbage-first heap   total 37888K, used 24611K [0x00000000c1600000, 0x0000000100000000)
  region size 1024K, 16 young (16384K), 2 survivors (2048K)
 Metaspace       used 29668K, committed 29952K, reserved 1081344K
  class space    used 3640K, committed 3776K, reserved 1048576K
}
Event: 5.375 GC heap after
{Heap after GC invocations=9 (full 0):
 garbage-first heap   total 37888K, used 12172K [0x00000000c1600000, 0x0000000100000000)
  region size 1024K, 1 young (1024K), 1 survivors (1024K)
 Metaspace       used 29668K, committed 29952K, reserved 1081344K
  class space    used 3640K, committed 3776K, reserved 1048576K
}
Event: 6.047 GC heap before
{Heap before GC invocations=9 (full 0):
 garbage-first heap   total 37888K, used 26508K [0x00000000c1600000, 0x0000000100000000)
  region size 1024K, 16 young (16384K), 1 survivors (1024K)
 Metaspace       used 31244K, committed 31616K, reserved 1081344K
  class space    used 3893K, committed 4096K, reserved 1048576K
}
Event: 6.059 GC heap after
{Heap after GC invocations=10 (full 0):
 garbage-first heap   total 68608K, used 12950K [0x00000000c1600000, 0x0000000100000000)
  region size 1024K, 2 young (2048K), 2 survivors (2048K)
 Metaspace       used 31244K, committed 31616K, reserved 1081344K
  class space    used 3893K, committed 4096K, reserved 1048576K
}
Event: 10.857 GC heap before
{Heap before GC invocations=10 (full 0):
 garbage-first heap   total 68608K, used 43670K [0x00000000c1600000, 0x0000000100000000)
  region size 1024K, 33 young (33792K), 2 survivors (2048K)
 Metaspace       used 35966K, committed 36288K, reserved 1081344K
  class space    used 4633K, committed 4800K, reserved 1048576K
}
Event: 10.876 GC heap after
{Heap after GC invocations=11 (full 0):
 garbage-first heap   total 68608K, used 15631K [0x00000000c1600000, 0x0000000100000000)
  region size 1024K, 5 young (5120K), 5 survivors (5120K)
 Metaspace       used 35966K, committed 36288K, reserved 1081344K
  class space    used 4633K, committed 4800K, reserved 1048576K
}
Event: 14.172 GC heap before
{Heap before GC invocations=12 (full 0):
 garbage-first heap   total 58368K, used 44303K [0x00000000c1600000, 0x0000000100000000)
  region size 1024K, 34 young (34816K), 5 survivors (5120K)
 Metaspace       used 39425K, committed 39808K, reserved 1089536K
  class space    used 5119K, committed 5312K, reserved 1048576K
}
Event: 14.209 GC heap after
{Heap after GC invocations=13 (full 0):
 garbage-first heap   total 58368K, used 17679K [0x00000000c1600000, 0x0000000100000000)
  region size 1024K, 3 young (3072K), 3 survivors (3072K)
 Metaspace       used 39425K, committed 39808K, reserved 1089536K
  class space    used 5119K, committed 5312K, reserved 1048576K
}
Event: 14.324 GC heap before
{Heap before GC invocations=13 (full 0):
 garbage-first heap   total 58368K, used 18703K [0x00000000c1600000, 0x0000000100000000)
  region size 1024K, 4 young (4096K), 3 survivors (3072K)
 Metaspace       used 39588K, committed 40000K, reserved 1089536K
  class space    used 5159K, committed 5376K, reserved 1048576K
}
Event: 14.347 GC heap after
{Heap after GC invocations=14 (full 0):
 garbage-first heap   total 58368K, used 17420K [0x00000000c1600000, 0x0000000100000000)
  region size 1024K, 1 young (1024K), 1 survivors (1024K)
 Metaspace       used 39588K, committed 40000K, reserved 1089536K
  class space    used 5159K, committed 5376K, reserved 1048576K
}

Deoptimization events (8 events):
Event: 0.899 Thread 0x0000018130e22cf0 DEOPT PACKING pc=0x000001813462a465 sp=0x0000003c599fc820
Event: 0.899 Thread 0x0000018130e22cf0 DEOPT UNPACKING pc=0x0000018134522b43 sp=0x0000003c599fbd80 mode 3
Event: 2.637 Thread 0x0000018130e22cf0 DEOPT PACKING pc=0x00000181346830f5 sp=0x0000003c599fd9e0
Event: 2.637 Thread 0x0000018130e22cf0 DEOPT UNPACKING pc=0x0000018134522b43 sp=0x0000003c599fce38 mode 3
Event: 4.310 Thread 0x0000018130e22cf0 DEOPT PACKING pc=0x00000181348dc419 sp=0x0000003c599fd400
Event: 4.310 Thread 0x0000018130e22cf0 DEOPT UNPACKING pc=0x0000018134522b43 sp=0x0000003c599fc8e0 mode 3
Event: 13.855 Thread 0x0000018130e22cf0 DEOPT PACKING pc=0x00000181348bd5d2 sp=0x0000003c599fa900
Event: 13.884 Thread 0x0000018130e22cf0 DEOPT UNPACKING pc=0x0000018134522b43 sp=0x0000003c599f9e08 mode 3

Classes unloaded (0 events):
No events

Classes redefined (0 events):
No events

Internal exceptions (20 events):
Event: 11.878 Thread 0x0000018130e22cf0 Exception <a 'java/lang/ClassNotFoundException'{0x00000000c438c028}: org/springframework/cloud/context/scope/GenericScope$LockedScopedProxyFactoryBeanCustomizer> (0x00000000c438c028) 
thrown [e:\jenkins\tmp\workspace\build\src\src\hotspot\share\classfile\systemDictionary.cpp, line 256]
Event: 11.886 Thread 0x0000018130e22cf0 Exception <a 'java/lang/ClassNotFoundException'{0x00000000c439ff80}: org/aopalliance/intercept/MethodInterceptorCustomizer> (0x00000000c439ff80) 
thrown [e:\jenkins\tmp\workspace\build\src\src\hotspot\share\classfile\systemDictionary.cpp, line 256]
Event: 11.888 Thread 0x0000018130e22cf0 Exception <a 'java/lang/ClassNotFoundException'{0x00000000c43a6968}: org/aopalliance/intercept/InterceptorCustomizer> (0x00000000c43a6968) 
thrown [e:\jenkins\tmp\workspace\build\src\src\hotspot\share\classfile\systemDictionary.cpp, line 256]
Event: 11.894 Thread 0x0000018130e22cf0 Exception <a 'java/lang/ClassNotFoundException'{0x00000000c43ac3b8}: org/aopalliance/aop/AdviceCustomizer> (0x00000000c43ac3b8) 
thrown [e:\jenkins\tmp\workspace\build\src\src\hotspot\share\classfile\systemDictionary.cpp, line 256]
Event: 11.903 Thread 0x0000018130e22cf0 Exception <a 'java/lang/ClassNotFoundException'{0x00000000c43b2648}: org/springframework/beans/factory/FactoryBeanCustomizer> (0x00000000c43b2648) 
thrown [e:\jenkins\tmp\workspace\build\src\src\hotspot\share\classfile\systemDictionary.cpp, line 256]
Event: 11.918 Thread 0x0000018130e22cf0 Exception <a 'java/lang/ClassNotFoundException'{0x00000000c43bca48}: org/springframework/beans/factory/BeanFactoryAwareCustomizer> (0x00000000c43bca48) 
thrown [e:\jenkins\tmp\workspace\build\src\src\hotspot\share\classfile\systemDictionary.cpp, line 256]
Event: 11.920 Thread 0x0000018130e22cf0 Exception <a 'java/lang/ClassNotFoundException'{0x00000000c43c3ed0}: org/springframework/beans/factory/AwareCustomizer> (0x00000000c43c3ed0) 
thrown [e:\jenkins\tmp\workspace\build\src\src\hotspot\share\classfile\systemDictionary.cpp, line 256]
Event: 11.922 Thread 0x0000018130e22cf0 Exception <a 'java/lang/ClassNotFoundException'{0x00000000c43ca1c8}: org/springframework/aop/framework/AopInfrastructureBeanCustomizer> (0x00000000c43ca1c8) 
thrown [e:\jenkins\tmp\workspace\build\src\src\hotspot\share\classfile\systemDictionary.cpp, line 256]
Event: 12.534 Thread 0x0000018130e22cf0 Exception <a 'java/lang/NoSuchMethodError'{0x00000000c3a11060}: 'java.lang.Object java.lang.invoke.DirectMethodHandle$Holder.invokeStaticInit(java.lang.Object, java.lang.Object, int)'> (0x00000000c3a11060) 
thrown [e:\jenkins\tmp\workspace\build\src\src\hotspot\share\interpreter\linkResolver.cpp, line 766]
Event: 15.068 Thread 0x0000018130e22cf0 Exception <a 'java/lang/NoSuchMethodError'{0x00000000c4b542b8}: 'int java.lang.invoke.DirectMethodHandle$Holder.invokeStatic(java.lang.Object)'> (0x00000000c4b542b8) 
thrown [e:\jenkins\tmp\workspace\build\src\src\hotspot\share\interpreter\linkResolver.cpp, line 766]
Event: 15.069 Thread 0x0000018130e22cf0 Exception <a 'java/lang/NoSuchMethodError'{0x00000000c4b57960}: 'int java.lang.invoke.DirectMethodHandle$Holder.invokeStaticInit(java.lang.Object)'> (0x00000000c4b57960) 
thrown [e:\jenkins\tmp\workspace\build\src\src\hotspot\share\interpreter\linkResolver.cpp, line 766]
Event: 15.373 Thread 0x0000018130e22cf0 Exception <a 'java/lang/ClassNotFoundException'{0x00000000c4a15268}: java/lang/ObjectCustomizer> (0x00000000c4a15268) 
thrown [e:\jenkins\tmp\workspace\build\src\src\hotspot\share\classfile\systemDictionary.cpp, line 256]
Event: 15.382 Thread 0x0000018130e22cf0 Exception <a 'java/lang/ClassNotFoundException'{0x00000000c4a1ec40}: org/springframework/web/reactive/config/WebFluxConfigurationSupportCustomizer> (0x00000000c4a1ec40) 
thrown [e:\jenkins\tmp\workspace\build\src\src\hotspot\share\classfile\systemDictionary.cpp, line 256]
Event: 15.399 Thread 0x0000018130e22cf0 Exception <a 'java/lang/ClassNotFoundException'{0x00000000c4a312b8}: org/springframework/web/reactive/config/DelegatingWebFluxConfigurationCustomizer> (0x00000000c4a312b8) 
thrown [e:\jenkins\tmp\workspace\build\src\src\hotspot\share\classfile\systemDictionary.cpp, line 256]
Event: 15.405 Thread 0x0000018130e22cf0 Exception <a 'java/lang/ClassNotFoundException'{0x00000000c4a3cdf0}: org/springframework/boot/autoconfigure/web/reactive/WebFluxAutoConfiguration$EnableWebFluxConfigurationCustomizer> (0x00000000c4a3cdf0) 
thrown [e:\jenkins\tmp\workspace\build\src\src\hotspot\share\classfile\systemDictionary.cpp, line 256]
Event: 15.406 Thread 0x0000018130e22cf0 Exception <a 'java/lang/ClassNotFoundException'{0x00000000c4a4b608}: org/springframework/context/ApplicationContextAwareCustomizer> (0x00000000c4a4b608) 
thrown [e:\jenkins\tmp\workspace\build\src\src\hotspot\share\classfile\systemDictionary.cpp, line 256]
Event: 15.408 Thread 0x0000018130e22cf0 Exception <a 'java/lang/ClassNotFoundException'{0x00000000c4a52eb8}: org/springframework/beans/factory/AwareCustomizer> (0x00000000c4a52eb8) 
thrown [e:\jenkins\tmp\workspace\build\src\src\hotspot\share\classfile\systemDictionary.cpp, line 256]
Event: 15.675 Thread 0x0000018130e22cf0 Exception <a 'java/lang/NoSuchMethodError'{0x00000000c49eee68}: 'int java.lang.invoke.DirectMethodHandle$Holder.invokeVirtual(java.lang.Object, java.lang.Object)'> (0x00000000c49eee68) 
thrown [e:\jenkins\tmp\workspace\build\src\src\hotspot\share\interpreter\linkResolver.cpp, line 766]
Event: 15.724 Thread 0x0000018130e22cf0 Exception <a 'java/lang/NoSuchMethodError'{0x00000000c48b45a8}: 'void java.lang.invoke.DirectMethodHandle$Holder.invokeVirtual(java.lang.Object, java.lang.Object, int)'> (0x00000000c48b45a8) 
thrown [e:\jenkins\tmp\workspace\build\src\src\hotspot\share\interpreter\linkResolver.cpp, line 766]
Event: 15.726 Thread 0x0000018130e22cf0 Exception <a 'java/lang/NoSuchMethodError'{0x00000000c48ca588}: 'void java.lang.invoke.DirectMethodHandle$Holder.invokeVirtual(java.lang.Object, java.lang.Object, long)'> (0x00000000c48ca588) 
thrown [e:\jenkins\tmp\workspace\build\src\src\hotspot\share\interpreter\linkResolver.cpp, line 766]

VM Operations (20 events):
Event: 11.112 Executing VM operation: HandshakeAllThreads
Event: 11.112 Executing VM operation: HandshakeAllThreads done
Event: 11.444 Executing VM operation: HandshakeAllThreads
Event: 11.444 Executing VM operation: HandshakeAllThreads done
Event: 11.460 Executing VM operation: HandshakeAllThreads
Event: 11.461 Executing VM operation: HandshakeAllThreads done
Event: 12.057 Executing VM operation: HandshakeAllThreads
Event: 12.057 Executing VM operation: HandshakeAllThreads done
Event: 12.057 Executing VM operation: Cleanup
Event: 12.057 Executing VM operation: Cleanup done
Event: 14.000 Executing VM operation: ICBufferFull
Event: 14.000 Executing VM operation: ICBufferFull done
Event: 14.062 Executing VM operation: HandshakeAllThreads
Event: 14.062 Executing VM operation: HandshakeAllThreads done
Event: 14.172 Executing VM operation: G1CollectForAllocation
Event: 14.209 Executing VM operation: G1CollectForAllocation done
Event: 14.324 Executing VM operation: G1CollectForAllocation
Event: 14.347 Executing VM operation: G1CollectForAllocation done
Event: 15.072 Executing VM operation: HandshakeAllThreads
Event: 15.072 Executing VM operation: HandshakeAllThreads done

Events (20 events):
Event: 13.484 loading class java/util/concurrent/ConcurrentHashMap$TreeBin
Event: 13.485 loading class java/util/concurrent/ConcurrentHashMap$TreeBin done
Event: 13.686 loading class jdk/internal/vm/annotation/Stable
Event: 13.819 loading class jdk/internal/vm/annotation/Stable done
Event: 15.373 loading class java/lang/ObjectCustomizer
Event: 15.373 loading class java/lang/ObjectCustomizer done
Event: 15.373 loading class java/lang/ObjectCustomizer
Event: 15.373 loading class java/lang/ObjectCustomizer done
Event: 15.588 loading class javax/xml/bind$Binder
Event: 15.589 loading class javax/xml/bind$Binder done
Event: 15.608 loading class java/nio/charset/UnsupportedCharsetException
Event: 15.609 loading class java/nio/charset/UnsupportedCharsetException done
Event: 15.701 loading class java/nio/charset/CoderMalfunctionError
Event: 15.701 loading class java/nio/charset/CoderMalfunctionError done
Event: 15.787 loading class java/util/zip/GZIPInputStream
Event: 15.796 loading class java/util/zip/GZIPInputStream done
Event: 15.796 loading class java/util/zip/GZIPOutputStream
Event: 15.796 loading class java/util/zip/DeflaterOutputStream
Event: 15.797 loading class java/util/zip/DeflaterOutputStream done
Event: 15.797 loading class java/util/zip/GZIPOutputStream done


Dynamic libraries:
0x00007ff743220000 - 0x00007ff74322e000 	D:\spring-tool-suite-4-4.14.0.RELEASE-e4.23.0-win32.win32.x86_64.self-extracting\contents\sts-4.14.0.RELEASE\plugins\org.eclipse.justj.openjdk.hotspot.jre.full.win32.x86_64_17.0.2.v20220201-1208\jre\bin\javaw.exe
0x00007ff984670000 - 0x00007ff984865000 	C:\WINDOWS\SYSTEM32\ntdll.dll
0x00007ff983b30000 - 0x00007ff983bed000 	C:\WINDOWS\System32\KERNEL32.DLL
0x00007ff981df0000 - 0x00007ff9820bd000 	C:\WINDOWS\System32\KERNELBASE.dll
0x00007ff9820c0000 - 0x00007ff9821c0000 	C:\WINDOWS\System32\ucrtbase.dll
0x00007ff97c880000 - 0x00007ff97c898000 	D:\spring-tool-suite-4-4.14.0.RELEASE-e4.23.0-win32.win32.x86_64.self-extracting\contents\sts-4.14.0.RELEASE\plugins\org.eclipse.justj.openjdk.hotspot.jre.full.win32.x86_64_17.0.2.v20220201-1208\jre\bin\jli.dll
0x00007ff97afd0000 - 0x00007ff97afe9000 	D:\spring-tool-suite-4-4.14.0.RELEASE-e4.23.0-win32.win32.x86_64.self-extracting\contents\sts-4.14.0.RELEASE\plugins\org.eclipse.justj.openjdk.hotspot.jre.full.win32.x86_64_17.0.2.v20220201-1208\jre\bin\VCRUNTIME140.dll
0x00007ff9833b0000 - 0x00007ff983550000 	C:\WINDOWS\System32\USER32.dll
0x00007ff982530000 - 0x00007ff982552000 	C:\WINDOWS\System32\win32u.dll
0x00007ff983310000 - 0x00007ff98333a000 	C:\WINDOWS\System32\GDI32.dll
0x00007ff982560000 - 0x00007ff98266b000 	C:\WINDOWS\System32\gdi32full.dll
0x00007ff9821c0000 - 0x00007ff98225d000 	C:\WINDOWS\System32\msvcp_win.dll
0x00007ff963ac0000 - 0x00007ff963d5a000 	C:\WINDOWS\WinSxS\amd64_microsoft.windows.common-controls_6595b64144ccf1df_6.0.19041.1110_none_60b5254171f9507e\COMCTL32.dll
0x00007ff9838b0000 - 0x00007ff98394e000 	C:\WINDOWS\System32\msvcrt.dll
0x00007ff982d20000 - 0x00007ff982d50000 	C:\WINDOWS\System32\IMM32.DLL
0x00007ff97c9b0000 - 0x00007ff97c9bc000 	D:\spring-tool-suite-4-4.14.0.RELEASE-e4.23.0-win32.win32.x86_64.self-extracting\contents\sts-4.14.0.RELEASE\plugins\org.eclipse.justj.openjdk.hotspot.jre.full.win32.x86_64_17.0.2.v20220201-1208\jre\bin\vcruntime140_1.dll
0x00007ff968740000 - 0x00007ff9687d1000 	D:\spring-tool-suite-4-4.14.0.RELEASE-e4.23.0-win32.win32.x86_64.self-extracting\contents\sts-4.14.0.RELEASE\plugins\org.eclipse.justj.openjdk.hotspot.jre.full.win32.x86_64_17.0.2.v20220201-1208\jre\bin\msvcp140.dll
0x00007ff911c80000 - 0x00007ff9128c7000 	D:\spring-tool-suite-4-4.14.0.RELEASE-e4.23.0-win32.win32.x86_64.self-extracting\contents\sts-4.14.0.RELEASE\plugins\org.eclipse.justj.openjdk.hotspot.jre.full.win32.x86_64_17.0.2.v20220201-1208\jre\bin\server\jvm.dll
0x00007ff982de0000 - 0x00007ff982e8e000 	C:\WINDOWS\System32\ADVAPI32.dll
0x00007ff983bf0000 - 0x00007ff983c8c000 	C:\WINDOWS\System32\sechost.dll
0x00007ff983c90000 - 0x00007ff983db5000 	C:\WINDOWS\System32\RPCRT4.dll
0x00007ff9831f0000 - 0x00007ff9831f8000 	C:\WINDOWS\System32\PSAPI.DLL
0x00007ff97a170000 - 0x00007ff97a179000 	C:\WINDOWS\SYSTEM32\WSOCK32.dll
0x00007ff964ae0000 - 0x00007ff964b07000 	C:\WINDOWS\SYSTEM32\WINMM.dll
0x00007ff97a9d0000 - 0x00007ff97a9da000 	C:\WINDOWS\SYSTEM32\VERSION.dll
0x00007ff983340000 - 0x00007ff9833ab000 	C:\WINDOWS\System32\WS2_32.dll
0x00007ff980610000 - 0x00007ff980622000 	C:\WINDOWS\SYSTEM32\kernel.appcore.dll
0x00007ff97a0f0000 - 0x00007ff97a0fa000 	D:\spring-tool-suite-4-4.14.0.RELEASE-e4.23.0-win32.win32.x86_64.self-extracting\contents\sts-4.14.0.RELEASE\plugins\org.eclipse.justj.openjdk.hotspot.jre.full.win32.x86_64_17.0.2.v20220201-1208\jre\bin\jimage.dll
0x00007ff97fa30000 - 0x00007ff97fc14000 	C:\WINDOWS\SYSTEM32\DBGHELP.DLL
0x00007ff96d360000 - 0x00007ff96d38c000 	C:\WINDOWS\SYSTEM32\dbgcore.DLL
0x00007ff9824a0000 - 0x00007ff982522000 	C:\WINDOWS\System32\bcryptPrimitives.dll
0x00007ff96c070000 - 0x00007ff96c095000 	D:\spring-tool-suite-4-4.14.0.RELEASE-e4.23.0-win32.win32.x86_64.self-extracting\contents\sts-4.14.0.RELEASE\plugins\org.eclipse.justj.openjdk.hotspot.jre.full.win32.x86_64_17.0.2.v20220201-1208\jre\bin\java.dll
0x00007ff96c050000 - 0x00007ff96c068000 	D:\spring-tool-suite-4-4.14.0.RELEASE-e4.23.0-win32.win32.x86_64.self-extracting\contents\sts-4.14.0.RELEASE\plugins\org.eclipse.justj.openjdk.hotspot.jre.full.win32.x86_64_17.0.2.v20220201-1208\jre\bin\zip.dll
0x00007ff983e20000 - 0x00007ff984564000 	C:\WINDOWS\System32\SHELL32.dll
0x00007ff97fe60000 - 0x00007ff9805f4000 	C:\WINDOWS\SYSTEM32\windows.storage.dll
0x00007ff982e90000 - 0x00007ff9831e4000 	C:\WINDOWS\System32\combase.dll
0x00007ff9817e0000 - 0x00007ff98180c000 	C:\WINDOWS\SYSTEM32\Wldp.dll
0x00007ff983950000 - 0x00007ff9839fd000 	C:\WINDOWS\System32\SHCORE.dll
0x00007ff983200000 - 0x00007ff983255000 	C:\WINDOWS\System32\shlwapi.dll
0x00007ff981cc0000 - 0x00007ff981cdf000 	C:\WINDOWS\SYSTEM32\profapi.dll
0x00007ff96a7c0000 - 0x00007ff96a7d9000 	D:\spring-tool-suite-4-4.14.0.RELEASE-e4.23.0-win32.win32.x86_64.self-extracting\contents\sts-4.14.0.RELEASE\plugins\org.eclipse.justj.openjdk.hotspot.jre.full.win32.x86_64_17.0.2.v20220201-1208\jre\bin\net.dll
0x00007ff9670c0000 - 0x00007ff9671ca000 	C:\WINDOWS\SYSTEM32\WINHTTP.dll
0x00007ff981540000 - 0x00007ff9815aa000 	C:\WINDOWS\system32\mswsock.dll
0x00007ff9681c0000 - 0x00007ff9681d5000 	D:\spring-tool-suite-4-4.14.0.RELEASE-e4.23.0-win32.win32.x86_64.self-extracting\contents\sts-4.14.0.RELEASE\plugins\org.eclipse.justj.openjdk.hotspot.jre.full.win32.x86_64_17.0.2.v20220201-1208\jre\bin\nio.dll
0x00007ff962150000 - 0x00007ff962159000 	D:\spring-tool-suite-4-4.14.0.RELEASE-e4.23.0-win32.win32.x86_64.self-extracting\contents\sts-4.14.0.RELEASE\plugins\org.eclipse.justj.openjdk.hotspot.jre.full.win32.x86_64_17.0.2.v20220201-1208\jre\bin\management.dll
0x00007ff95f820000 - 0x00007ff95f82b000 	D:\spring-tool-suite-4-4.14.0.RELEASE-e4.23.0-win32.win32.x86_64.self-extracting\contents\sts-4.14.0.RELEASE\plugins\org.eclipse.justj.openjdk.hotspot.jre.full.win32.x86_64_17.0.2.v20220201-1208\jre\bin\management_ext.dll
0x00007ff962500000 - 0x00007ff962517000 	C:\WINDOWS\system32\napinsp.dll
0x00007ff9624e0000 - 0x00007ff9624fb000 	C:\WINDOWS\system32\pnrpnsp.dll
0x00007ff9624b0000 - 0x00007ff9624c5000 	C:\WINDOWS\system32\wshbth.dll
0x00007ff97a090000 - 0x00007ff97a0ad000 	C:\WINDOWS\system32\NLAapi.dll
0x00007ff9811e0000 - 0x00007ff98121b000 	C:\WINDOWS\SYSTEM32\IPHLPAPI.DLL
0x00007ff981230000 - 0x00007ff9812fb000 	C:\WINDOWS\SYSTEM32\DNSAPI.dll
0x00007ff9826c0000 - 0x00007ff9826c8000 	C:\WINDOWS\System32\NSI.dll
0x00007ff963f90000 - 0x00007ff963fa2000 	C:\WINDOWS\System32\winrnr.dll
0x00007ff967460000 - 0x00007ff96746a000 	C:\Windows\System32\rasadhlp.dll
0x00007ff967030000 - 0x00007ff9670b0000 	C:\WINDOWS\System32\fwpuclnt.dll
0x00007ff982470000 - 0x00007ff982497000 	C:\WINDOWS\System32\bcrypt.dll
0x00007ff981740000 - 0x00007ff981758000 	C:\WINDOWS\SYSTEM32\CRYPTSP.dll
0x00007ff980e50000 - 0x00007ff980e84000 	C:\WINDOWS\system32\rsaenh.dll
0x00007ff981c40000 - 0x00007ff981c6e000 	C:\WINDOWS\SYSTEM32\USERENV.dll
0x00007ff981730000 - 0x00007ff98173c000 	C:\WINDOWS\SYSTEM32\CRYPTBASE.dll
0x00007ff976320000 - 0x00007ff976337000 	C:\WINDOWS\SYSTEM32\dhcpcsvc6.DLL
0x00007ff978990000 - 0x00007ff9789ad000 	C:\WINDOWS\SYSTEM32\dhcpcsvc.DLL
0x00007ff97a0e0000 - 0x00007ff97a0f0000 	D:\spring-tool-suite-4-4.14.0.RELEASE-e4.23.0-win32.win32.x86_64.self-extracting\contents\sts-4.14.0.RELEASE\plugins\org.eclipse.justj.openjdk.hotspot.jre.full.win32.x86_64_17.0.2.v20220201-1208\jre\bin\verify.dll

dbghelp: loaded successfully - version: 4.0.5 - missing functions: none
symbol engine: initialized successfully - sym options: 0x614 - pdb path: .;D:\spring-tool-suite-4-4.14.0.RELEASE-e4.23.0-win32.win32.x86_64.self-extracting\contents\sts-4.14.0.RELEASE\plugins\org.eclipse.justj.openjdk.hotspot.jre.full.win32.x86_64_17.0.2.v20220201-1208\jre\bin;C:\WINDOWS\SYSTEM32;C:\WINDOWS\WinSxS\amd64_microsoft.windows.common-controls_6595b64144ccf1df_6.0.19041.1110_none_60b5254171f9507e;D:\spring-tool-suite-4-4.14.0.RELEASE-e4.23.0-win32.win32.x86_64.self-extracting\contents\sts-4.14.0.RELEASE\plugins\org.eclipse.justj.openjdk.hotspot.jre.full.win32.x86_64_17.0.2.v20220201-1208\jre\bin\server

VM Arguments:
jvm_args: -Dcom.sun.management.jmxremote -Dcom.sun.management.jmxremote.port=50056 -Dcom.sun.management.jmxremote.authenticate=false -Dcom.sun.management.jmxremote.ssl=false -Djava.rmi.server.hostname=localhost -Dspring.jmx.enabled=true -Dspring.application.admin.enabled=true -XX:TieredStopAtLevel=1 -Dspring.boot.project.name=gateway -Dfile.encoding=UTF-8 -XX:+ShowCodeDetailsInExceptionMessages 
java_command: com.example.demo.GatewayApplication --spring.output.ansi.enabled=always
java_class_path (initial): F:\weatherappbackend-master\weatherappbackend-master\Backend\gateway\target\classes;C:\Users\HP\.m2\repository\org\springframework\boot\spring-boot-starter-webflux\2.7.1\spring-boot-starter-webflux-2.7.1.jar;C:\Users\HP\.m2\repository\org\springframework\boot\spring-boot-starter\2.7.1\spring-boot-starter-2.7.1.jar;C:\Users\HP\.m2\repository\org\springframework\boot\spring-boot\2.7.1\spring-boot-2.7.1.jar;C:\Users\HP\.m2\repository\org\springframework\spring-context\5.3.21\spring-context-5.3.21.jar;C:\Users\HP\.m2\repository\org\springframework\spring-aop\5.3.21\spring-aop-5.3.21.jar;C:\Users\HP\.m2\repository\org\springframework\spring-expression\5.3.21\spring-expression-5.3.21.jar;C:\Users\HP\.m2\repository\org\springframework\boot\spring-boot-autoconfigure\2.7.1\spring-boot-autoconfigure-2.7.1.jar;C:\Users\HP\.m2\repository\org\springframework\boot\spring-boot-starter-logging\2.7.1\spring-boot-starter-logging-2.7.1.jar;C:\Users\HP\.m2\repository\ch\qos\logback\logback-classic\1.2.11\logback-classic-1.2.11.jar;C:\Users\HP\.m2\repository\ch\qos\logback\logback-core\1.2.11\logback-core-1.2.11.jar;C:\Users\HP\.m2\repository\org\apache\logging\log4j\log4j-to-slf4j\2.17.2\log4j-to-slf4j-2.17.2.jar;C:\Users\HP\.m2\repository\org\apache\logging\log4j\log4j-api\2.17.2\log4j-api-2.17.2.jar;C:\Users\HP\.m2\repository\org\slf4j\jul-to-slf4j\1.7.36\jul-to-slf4j-1.7.36.jar;C:\Users\HP\.m2\repository\jakarta\annotation\jakarta.annotation-api\1.3.5\jakarta.annotation-api-1.3.5.jar;C:\Users\HP\.m2\repository\org\yaml\snakeyaml\1.30\snakeyaml-1.30.jar;C:\Users\HP\.m2\repository\org\springframework\boot\spring-boot-starter-json\2.7.1\spring-boot-starter-json-2.7.1.jar;C:\Users\HP\.m2\repository\com\fasterxml\jackson\core\jackson-databind\2.13.3\jackson-databind-2.13.3.jar;C:\Users\HP\.m2\repository\com\fasterxml\jackson\datatype\jackson-datatype-jdk8\2.13.3\jackson-datatype-jdk8-2.13.3.jar;C:\Users\HP\.m2\repository\com\fasterxml\jackson\datatype\jackson
Launcher Type: SUN_STANDARD

[Global flags]
     intx CICompilerCount                          = 3                                         {product} {ergonomic}
     uint ConcGCThreads                            = 1                                         {product} {ergonomic}
     uint G1ConcRefinementThreads                  = 4                                         {product} {ergonomic}
   size_t G1HeapRegionSize                         = 1048576                                   {product} {ergonomic}
    uintx GCDrainStackTargetSize                   = 64                                        {product} {ergonomic}
   size_t InitialHeapSize                          = 67108864                                  {product} {ergonomic}
     bool ManagementServer                         = true                                      {product} {command line}
   size_t MarkStackSize                            = 4194304                                   {product} {ergonomic}
   size_t MaxHeapSize                              = 1050673152                                {product} {ergonomic}
   size_t MaxNewSize                               = 630194176                                 {product} {ergonomic}
   size_t MinHeapDeltaBytes                        = 1048576                                   {product} {ergonomic}
   size_t MinHeapSize                              = 8388608                                   {product} {ergonomic}
    uintx NonProfiledCodeHeapSize                  = 0                                      {pd product} {ergonomic}
     bool ProfileInterpreter                       = false                                  {pd product} {command line}
    uintx ProfiledCodeHeapSize                     = 0                                      {pd product} {ergonomic}
     bool ShowCodeDetailsInExceptionMessages       = true                                   {manageable} {command line}
   size_t SoftMaxHeapSize                          = 1050673152                             {manageable} {ergonomic}
     intx TieredStopAtLevel                        = 1                                         {product} {command line}
     bool UseCompressedClassPointers               = true                           {product lp64_product} {ergonomic}
     bool UseCompressedOops                        = true                           {product lp64_product} {ergonomic}
     bool UseG1GC                                  = true                                      {product} {ergonomic}
     bool UseLargePagesIndividualAllocation        = false                                  {pd product} {ergonomic}

Logging:
Log output configuration:
 #0: stdout all=warning uptime,level,tags
 #1: stderr all=off uptime,level,tags

Environment Variables:
PATH=D:/spring-tool-suite-4-4.14.0.RELEASE-e4.23.0-win32.win32.x86_64.self-extracting/contents/sts-4.14.0.RELEASE//plugins/org.eclipse.justj.openjdk.hotspot.jre.full.win32.x86_64_17.0.2.v20220201-1208/jre/bin/server;D:/spring-tool-suite-4-4.14.0.RELEASE-e4.23.0-win32.win32.x86_64.self-extracting/contents/sts-4.14.0.RELEASE//plugins/org.eclipse.justj.openjdk.hotspot.jre.full.win32.x86_64_17.0.2.v20220201-1208/jre/bin;C:\Python310\Scripts\;C:\Python310\;C:\Program Files\Microsoft\jdk-11.0.14.101-hotspot\bin;C:\windows\system32;C:\windows;C:\windows\System32\Wbem;C:\windows\System32\WindowsPowerShell\v1.0\;C:\windows\System32\OpenSSH\;C:\Program Files (x86)\NVIDIA Corporation\PhysX\Common;C:\Program Files\NVIDIA Corporation\NVIDIA NvDLISR;C:\WINDOWS\system32;C:\WINDOWS;C:\WINDOWS\System32\Wbem;C:\WINDOWS\System32\WindowsPowerShell\v1.0\;C:\WINDOWS\System32\OpenSSH\;C:\Program Files\Microsoft SQL Server\150\Tools\Binn\;C:\Program Files\Git\cmd;C:\Program Files\nodejs\;C:\ProgramData\chocolatey\bin;C:\Program Files\MongoDB\Server\5.0\bin;%MAVEN_HOME%\bin;C:\Program Files\MySQL\MySQL Server 8.0\bin;C:\Python27\;C:\Python27\Scripts\;C:\Program Files (x86)\apache-tomcat-8.5.81\bin;C:\Program Files\MySQL\MySQL Shell 8.0\bin\;C:\Users\HP\AppData\Local\Microsoft\WindowsApps;C:\Users\HP\AppData\Local\Programs\Microsoft VS Code\bin;C:\Users\HP\AppData\Roaming\npm;C:\Program Files\MongoDB\Server\5.0\bin;C:\Program Files\apache-maven-3.8.5\bin;C:\Program Files\MySQL\MySQL Server 8.0\bin;C:\Python310\;C:\Program Files (x86)\Scripts\;C:\Python27\;C:\Python27\Scripts\;C:\Program Files (x86)\apache-tomcat-8.5.81\bin;C:\Program Files\Microsoft\jdk-11.0.14.101-hotspot\bin;;D:\spring-tool-suite-4-4.14.0.RELEASE-e4.23.0-win32.win32.x86_64.self-extracting\contents\sts-4.14.0.RELEASE;
USERNAME=HP
OS=Windows_NT
PROCESSOR_IDENTIFIER=Intel64 Family 6 Model 142 Stepping 9, GenuineIntel



---------------  S Y S T E M  ---------------

OS:
 Windows 10 , 64 bit Build 19041 (10.0.19041.1706)
OS uptime: 23 days 20:13 hours

CPU: total 4 (initial active 4) (2 cores per cpu, 2 threads per core) family 6 model 142 stepping 9 microcode 0xde, cx8, cmov, fxsr, ht, mmx, 3dnowpref, sse, sse2, sse3, ssse3, sse4.1, sse4.2, popcnt, lzcnt, tsc, tscinvbit, avx, avx2, aes, erms, clmul, bmi1, bmi2, adx, fma, vzeroupper, clflush, clflushopt

Memory: 4k page, system-wide physical 4007M (68M free)
TotalPageFile size 16294M (AvailPageFile size 0M)
current process WorkingSet (physical memory assigned to process): 121M, peak: 133M
current process commit charge ("private bytes"): 181M, peak: 182M

vm_info: OpenJDK 64-Bit Server VM (17.0.2+8) for windows-amd64 JRE (17.0.2+8), built on Jan 20 2022 04:52:34 by "" with MS VC++ 16.7 (VS2019)

END.
